Using pre-set license
Built from '2021.3/staging' branch; Version is '2021.3.8f1 (b30333d56e81) revision 11731763'; Using compiler version '192829333'; Build Type 'Release'
OS: 'Windows 11  (10.0.22000) 64bit Professional' Language: 'uk' Physical Memory: 32715 MB
BatchMode: 1, IsHumanControllingUs: 0, StartBugReporterOnCrash: 0, Is64bit: 1, IsPro: 1

COMMAND LINE ARGUMENTS:
C:\Program Files\Unity\Hub\Editor\2021.3.8f1\Editor\Unity.exe
-adb2
-batchMode
-noUpm
-name
AssetImportWorker11
-projectPath
C:/Users/alexa/Desktop/Edison/D6 10 UnityLegendary/L23 Apartament
-logFile
Logs/AssetImportWorker11.log
-srvPort
51391
Successfully changed project path to: C:/Users/alexa/Desktop/Edison/D6 10 UnityLegendary/L23 Apartament
C:/Users/alexa/Desktop/Edison/D6 10 UnityLegendary/L23 Apartament
[UnityMemory] Configuration Parameters - Can be set up in boot.config
    "memorysetup-bucket-allocator-granularity=16"
    "memorysetup-bucket-allocator-bucket-count=8"
    "memorysetup-bucket-allocator-block-size=33554432"
    "memorysetup-bucket-allocator-block-count=8"
    "memorysetup-main-allocator-block-size=16777216"
    "memorysetup-thread-allocator-block-size=16777216"
    "memorysetup-gfx-main-allocator-block-size=16777216"
    "memorysetup-gfx-thread-allocator-block-size=16777216"
    "memorysetup-cache-allocator-block-size=4194304"
    "memorysetup-typetree-allocator-block-size=2097152"
    "memorysetup-profiler-bucket-allocator-granularity=16"
    "memorysetup-profiler-bucket-allocator-bucket-count=8"
    "memorysetup-profiler-bucket-allocator-block-size=33554432"
    "memorysetup-profiler-bucket-allocator-block-count=8"
    "memorysetup-profiler-allocator-block-size=16777216"
    "memorysetup-profiler-editor-allocator-block-size=1048576"
    "memorysetup-temp-allocator-size-main=16777216"
    "memorysetup-job-temp-allocator-block-size=2097152"
    "memorysetup-job-temp-allocator-block-size-background=1048576"
    "memorysetup-job-temp-allocator-reduction-small-platforms=262144"
    "memorysetup-temp-allocator-size-background-worker=32768"
    "memorysetup-temp-allocator-size-job-worker=262144"
    "memorysetup-temp-allocator-size-preload-manager=33554432"
    "memorysetup-temp-allocator-size-nav-mesh-worker=65536"
    "memorysetup-temp-allocator-size-audio-worker=65536"
    "memorysetup-temp-allocator-size-cloud-worker=32768"
    "memorysetup-temp-allocator-size-gi-baking-worker=262144"
    "memorysetup-temp-allocator-size-gfx=262144"
Refreshing native plugins compatible for Editor in 85.82 ms, found 3 plugins.
Preloading 0 native plugins for Editor in 0.00 ms.
Initialize engine version: 2021.3.8f1 (b30333d56e81)
[Subsystems] Discovering subsystems at path C:/Program Files/Unity/Hub/Editor/2021.3.8f1/Editor/Data/Resources/UnitySubsystems
[Subsystems] Discovering subsystems at path C:/Users/alexa/Desktop/Edison/D6 10 UnityLegendary/L23 Apartament/Assets
GfxDevice: creating device client; threaded=0; jobified=0
Direct3D:
    Version:  Direct3D 11.0 [level 11.1]
    Renderer: NVIDIA GeForce RTX 2060 SUPER (ID=0x1f06)
    Vendor:   NVIDIA
    VRAM:     8031 MB
    Driver:   31.0.15.1694
Initialize mono
Mono path[0] = 'C:/Program Files/Unity/Hub/Editor/2021.3.8f1/Editor/Data/Managed'
Mono path[1] = 'C:/Program Files/Unity/Hub/Editor/2021.3.8f1/Editor/Data/MonoBleedingEdge/lib/mono/unityjit-win32'
Mono config path = 'C:/Program Files/Unity/Hub/Editor/2021.3.8f1/Editor/Data/MonoBleedingEdge/etc'
Using monoOptions --debugger-agent=transport=dt_socket,embedding=1,server=y,suspend=n,address=127.0.0.1:56068
Begin MonoManager ReloadAssembly
Registering precompiled unity dll's ...
Register platform support module: C:/Program Files/Unity/Hub/Editor/2021.3.8f1/Editor/Data/PlaybackEngines/AndroidPlayer/UnityEditor.Android.Extensions.dll
Register platform support module: C:/Program Files/Unity/Hub/Editor/2021.3.8f1/Editor/Data/PlaybackEngines/iOSSupport/UnityEditor.iOS.Extensions.dll
Register platform support module: C:/Program Files/Unity/Hub/Editor/2021.3.8f1/Editor/Data/PlaybackEngines/WindowsStandaloneSupport/UnityEditor.WindowsStandalone.Extensions.dll
Registered in 0.004991 seconds.
Native extension for WindowsStandalone target not found
[usbmuxd] Start listen thread
[usbmuxd] Listen thread started
Native extension for iOS target not found
Native extension for Android target not found
Refreshing native plugins compatible for Editor in 83.60 ms, found 3 plugins.
Preloading 0 native plugins for Editor in 0.00 ms.
Mono: successfully reloaded assembly
- Completed reload, in  0.610 seconds
Domain Reload Profiling:
	ReloadAssembly (610ms)
		BeginReloadAssembly (58ms)
			ExecutionOrderSort (0ms)
			DisableScriptedObjects (0ms)
			BackupInstance (0ms)
			ReleaseScriptingObjects (0ms)
			CreateAndSetChildDomain (1ms)
		EndReloadAssembly (456ms)
			LoadAssemblies (56ms)
			RebuildTransferFunctionScriptingTraits (0ms)
			SetupTypeCache (109ms)
			ReleaseScriptCaches (0ms)
			RebuildScriptCaches (27ms)
			SetupLoadedEditorAssemblies (277ms)
				LogAssemblyErrors (0ms)
				InitializePlatformSupportModulesInManaged (56ms)
				SetLoadedEditorAssemblies (0ms)
				RefreshPlugins (84ms)
				BeforeProcessingInitializeOnLoad (1ms)
				ProcessInitializeOnLoadAttributes (89ms)
				ProcessInitializeOnLoadMethodAttributes (47ms)
				AfterProcessingInitializeOnLoad (0ms)
				EditorAssembliesLoaded (0ms)
			ExecutionOrderSort2 (0ms)
			AwakeInstancesAfterBackupRestoration (0ms)
Platform modules already initialized, skipping
Registering precompiled user dll's ...
Registered in 0.005530 seconds.
Begin MonoManager ReloadAssembly
Symbol file LoadedFromMemory doesn't match image C:\Users\alexa\Desktop\Edison\D6 10 UnityLegendary\L23 Apartament\Library\PackageCache\com.unity.visualscripting@1.7.8\Editor\VisualScripting.Core\Dependencies\YamlDotNet\Unity.VisualScripting.YamlDotNet.dll
Symbol file LoadedFromMemory doesn't match image C:\Users\alexa\Desktop\Edison\D6 10 UnityLegendary\L23 Apartament\Library\PackageCache\com.unity.visualscripting@1.7.8\Editor\VisualScripting.Core\Dependencies\DotNetZip\Unity.VisualScripting.IonicZip.dll
Native extension for WindowsStandalone target not found
Native extension for iOS target not found
Native extension for Android target not found
Refreshing native plugins compatible for Editor in 0.57 ms, found 3 plugins.
Preloading 0 native plugins for Editor in 0.00 ms.
Mono: successfully reloaded assembly
- Completed reload, in  1.054 seconds
Domain Reload Profiling:
	ReloadAssembly (1055ms)
		BeginReloadAssembly (208ms)
			ExecutionOrderSort (0ms)
			DisableScriptedObjects (5ms)
			BackupInstance (0ms)
			ReleaseScriptingObjects (0ms)
			CreateAndSetChildDomain (134ms)
		EndReloadAssembly (744ms)
			LoadAssemblies (60ms)
			RebuildTransferFunctionScriptingTraits (0ms)
			SetupTypeCache (242ms)
			ReleaseScriptCaches (1ms)
			RebuildScriptCaches (54ms)
			SetupLoadedEditorAssemblies (346ms)
				LogAssemblyErrors (0ms)
				InitializePlatformSupportModulesInManaged (20ms)
				SetLoadedEditorAssemblies (0ms)
				RefreshPlugins (1ms)
				BeforeProcessingInitializeOnLoad (84ms)
				ProcessInitializeOnLoadAttributes (208ms)
				ProcessInitializeOnLoadMethodAttributes (27ms)
				AfterProcessingInitializeOnLoad (6ms)
				EditorAssembliesLoaded (0ms)
			ExecutionOrderSort2 (0ms)
			AwakeInstancesAfterBackupRestoration (6ms)
Platform modules already initialized, skipping
========================================================================
Worker process is ready to serve import requests
Launched and connected shader compiler UnityShaderCompiler.exe after 0.06 seconds
Refreshing native plugins compatible for Editor in 0.80 ms, found 3 plugins.
Preloading 0 native plugins for Editor in 0.00 ms.
Unloading 3510 Unused Serialized files (Serialized files now loaded: 0)
Unloading 39 unused Assets / (1.3 MB). Loaded Objects now: 3961.
Memory consumption went from 128.3 MB to 127.0 MB.
Total: 5.292100 ms (FindLiveObjects: 0.426900 ms CreateObjectMapping: 0.099700 ms MarkObjects: 4.190700 ms  DeleteObjects: 0.572800 ms)

AssetImportParameters requested are different than current active one (requested -> active):
  custom:video-decoder-ogg-theora: a1e56fd34408186e4bbccfd4996cb3dc -> 
  custom:container-muxer-webm: aa71ff27fc2769a1b78a27578f13a17b -> 
  custom:container-demuxer-webm: 4f35f7cbe854078d1ac9338744f61a02 -> 
  custom:video-encoder-webm-vp8: eb34c28f22e8b96e1ab97ce403110664 -> 
  custom:audio-encoder-webm-vorbis: bf7c407c2cedff20999df2af8eb42d56 -> 
  custom:framework-win-MediaFoundation: 216162199b28c13a410421893ffa2e32 -> 
  custom:container-demuxer-ogg: 62fdf1f143b41e24485cea50d1cbac27 -> 
  custom:video-decoder-webm-vp8: 9c59270c3fd7afecdb556c50c9e8de78 -> 
  custom:audio-decoder-ogg-vorbis: bf7c407c2cedff20999df2af8eb42d56 -> 
========================================================================
Received Import Request.
  Time since last request: 5087.221650 seconds.
  path: Assets/InteriorTextures/textures_igor/Pandan_leaves.jpg
  artifactKey: Guid(6f7114d6828a0cc4c85cce49884f4ff1) Importer(815301076,1909f56bfc062723c751e8b465ee728b)
Start importing Assets/InteriorTextures/textures_igor/Pandan_leaves.jpg using Guid(6f7114d6828a0cc4c85cce49884f4ff1) Importer(815301076,1909f56bfc062723c751e8b465ee728b)  -> (artifact id: '2989abbc14314fa227da4a2695e3559e') in 0.093307 seconds 
========================================================================
Received Import Request.
  Time since last request: 1.022591 seconds.
  path: Assets/Scenes/SampleScene/Lightmap-0_comp_dir.png
  artifactKey: Guid(5da416f8d8164dd41aefbdc276e99274) Importer(815301076,1909f56bfc062723c751e8b465ee728b)
Start importing Assets/Scenes/SampleScene/Lightmap-0_comp_dir.png using Guid(5da416f8d8164dd41aefbdc276e99274) Importer(815301076,1909f56bfc062723c751e8b465ee728b)  -> (artifact id: 'f35cb064692fd3876ef82bed53d628ad') in 0.075703 seconds 
========================================================================
Received Import Request.
  Time since last request: 96.922015 seconds.
  path: Assets/ppp.asset
  artifactKey: Guid(ffa25a279ac9c2f43bd9809422e698e1) Importer(815301076,1909f56bfc062723c751e8b465ee728b)
Start importing Assets/ppp.asset using Guid(ffa25a279ac9c2f43bd9809422e698e1) Importer(815301076,1909f56bfc062723c751e8b465ee728b)  -> (artifact id: '8f18b73bc4dc4ba02680d0a15a87f95b') in 0.017671 seconds 
========================================================================
Received Import Request.
  Time since last request: 71.834708 seconds.
  path: Assets/ppp.asset
  artifactKey: Guid(ffa25a279ac9c2f43bd9809422e698e1) Importer(815301076,1909f56bfc062723c751e8b465ee728b)
Start importing Assets/ppp.asset using Guid(ffa25a279ac9c2f43bd9809422e698e1) Importer(815301076,1909f56bfc062723c751e8b465ee728b)  -> (artifact id: '61d103267d3e66f3ed277ea1c0691792') in 0.005318 seconds 
========================================================================
Received Import Request.
  Time since last request: 144.504354 seconds.
  path: Assets/Kitchen ppp.asset
  artifactKey: Guid(cc6922ad1371b9e4da0ec79c09fc3e69) Importer(815301076,1909f56bfc062723c751e8b465ee728b)
Start importing Assets/Kitchen ppp.asset using Guid(cc6922ad1371b9e4da0ec79c09fc3e69) Importer(815301076,1909f56bfc062723c751e8b465ee728b)  -> (artifact id: '1b6cb3e3aca98298b41269f13a446696') in 0.005809 seconds 
========================================================================
Received Import Request.
  Time since last request: 43.737454 seconds.
  path: Assets/Kitchen ppp.asset
  artifactKey: Guid(cc6922ad1371b9e4da0ec79c09fc3e69) Importer(815301076,1909f56bfc062723c751e8b465ee728b)
Start importing Assets/Kitchen ppp.asset using Guid(cc6922ad1371b9e4da0ec79c09fc3e69) Importer(815301076,1909f56bfc062723c751e8b465ee728b)  -> (artifact id: '7f58c289d282610caab167541f21d30a') in 0.002345 seconds 
========================================================================
Received Import Request.
  Time since last request: 20.791858 seconds.
  path: Assets/Kitchen ppp.asset
  artifactKey: Guid(cc6922ad1371b9e4da0ec79c09fc3e69) Importer(815301076,1909f56bfc062723c751e8b465ee728b)
Start importing Assets/Kitchen ppp.asset using Guid(cc6922ad1371b9e4da0ec79c09fc3e69) Importer(815301076,1909f56bfc062723c751e8b465ee728b)  -> (artifact id: '7573fbdb0c0fb58f6281e93c14513575') in 0.002838 seconds 
========================================================================
Received Import Request.
  Time since last request: 29.562599 seconds.
  path: Assets/Kitchen ppp.asset
  artifactKey: Guid(cc6922ad1371b9e4da0ec79c09fc3e69) Importer(815301076,1909f56bfc062723c751e8b465ee728b)
Start importing Assets/Kitchen ppp.asset using Guid(cc6922ad1371b9e4da0ec79c09fc3e69) Importer(815301076,1909f56bfc062723c751e8b465ee728b)  -> (artifact id: 'ca891a4a909b7f9b3bc32382a2d2fb60') in 0.003416 seconds 
========================================================================
Received Import Request.
  Time since last request: 130.780011 seconds.
  path: Assets/Kitchen ppp.asset
  artifactKey: Guid(cc6922ad1371b9e4da0ec79c09fc3e69) Importer(815301076,1909f56bfc062723c751e8b465ee728b)
Start importing Assets/Kitchen ppp.asset using Guid(cc6922ad1371b9e4da0ec79c09fc3e69) Importer(815301076,1909f56bfc062723c751e8b465ee728b)  -> (artifact id: '1a0bff352639cd0118bb3f3de09b8c59') in 0.002749 seconds 
========================================================================
Received Import Request.
  Time since last request: 34.622884 seconds.
  path: Assets/InteriorTextures
  artifactKey: Guid(4492e355a120a4e46b893a38ab1fcd6e) Importer(815301076,1909f56bfc062723c751e8b465ee728b)
Start importing Assets/InteriorTextures using Guid(4492e355a120a4e46b893a38ab1fcd6e) Importer(815301076,1909f56bfc062723c751e8b465ee728b)  -> (artifact id: '8dff08f88b85e237a9a06ebb9d8e5ca5') in 0.006192 seconds 
========================================================================
Received Import Request.
  Time since last request: 18632.790243 seconds.
  path: Assets/ppp.asset
  artifactKey: Guid(ffa25a279ac9c2f43bd9809422e698e1) Importer(815301076,1909f56bfc062723c751e8b465ee728b)
Start importing Assets/ppp.asset using Guid(ffa25a279ac9c2f43bd9809422e698e1) Importer(815301076,1909f56bfc062723c751e8b465ee728b)  -> (artifact id: 'ca95f763db87203ed164805d91d901f3') in 0.044106 seconds 
